--------------- Clean Started: 12/08/2016 13:41:14 Project: Spectacle_LED_Control_Board, Configuration: ARM GCC 4.9-2015-q1-update Debug ---------------
Deleting file ".\CortexM0\ARM_GCC_493\Debug\main.o"
Deleting file ".\CortexM0\ARM_GCC_493\Debug\WS2811.o"
Deleting file ".\CortexM0\ARM_GCC_493\Debug\LED_effects.o"
Deleting file ".\CortexM0\ARM_GCC_493\Debug\programming.o"
Deleting file ".\CortexM0\ARM_GCC_493\Debug\cyfitter_cfg.o"
Deleting file ".\CortexM0\ARM_GCC_493\Debug\cymetadata.o"
Deleting file ".\CortexM0\ARM_GCC_493\Debug\EZI2C.o"
Deleting file ".\CortexM0\ARM_GCC_493\Debug\EZI2C_PM.o"
Deleting file ".\CortexM0\ARM_GCC_493\Debug\EZI2C_BOOT.o"
Deleting file ".\CortexM0\ARM_GCC_493\Debug\EZI2C_EZI2C.o"
Deleting file ".\CortexM0\ARM_GCC_493\Debug\EZI2C_EZI2C_INT.o"
Deleting file ".\CortexM0\ARM_GCC_493\Debug\EZI2C_EZI2C_BOOT.o"
Deleting file ".\CortexM0\ARM_GCC_493\Debug\UART.o"
Deleting file ".\CortexM0\ARM_GCC_493\Debug\UART_SPI_UART.o"
Deleting file ".\CortexM0\ARM_GCC_493\Debug\UART_SPI_UART_INT.o"
Deleting file ".\CortexM0\ARM_GCC_493\Debug\UART_PM.o"
Deleting file ".\CortexM0\ARM_GCC_493\Debug\UART_UART.o"
Deleting file ".\CortexM0\ARM_GCC_493\Debug\UART_BOOT.o"
Deleting file ".\CortexM0\ARM_GCC_493\Debug\UART_UART_BOOT.o"
Deleting file ".\CortexM0\ARM_GCC_493\Debug\EZI2C_SCBCLK.o"
Deleting file ".\CortexM0\ARM_GCC_493\Debug\EZI2C_sda.o"
Deleting file ".\CortexM0\ARM_GCC_493\Debug\EZI2C_sda_PM.o"
Deleting file ".\CortexM0\ARM_GCC_493\Debug\EZI2C_scl.o"
Deleting file ".\CortexM0\ARM_GCC_493\Debug\EZI2C_scl_PM.o"
Deleting file ".\CortexM0\ARM_GCC_493\Debug\EZI2C_SCB_IRQ.o"
Deleting file ".\CortexM0\ARM_GCC_493\Debug\UART_SCBCLK.o"
Deleting file ".\CortexM0\ARM_GCC_493\Debug\UART_tx.o"
Deleting file ".\CortexM0\ARM_GCC_493\Debug\UART_tx_PM.o"
Deleting file ".\CortexM0\ARM_GCC_493\Debug\UART_rx.o"
Deleting file ".\CortexM0\ARM_GCC_493\Debug\UART_rx_PM.o"
Deleting file ".\CortexM0\ARM_GCC_493\Debug\CyBootAsmGnu.o"
Deleting file ".\CortexM0\ARM_GCC_493\Debug\CyFlash.o"
Deleting file ".\CortexM0\ARM_GCC_493\Debug\CyLib.o"
Deleting file ".\CortexM0\ARM_GCC_493\Debug\cyPm.o"
Deleting file ".\CortexM0\ARM_GCC_493\Debug\cyutils.o"
Deleting file ".\CortexM0\ARM_GCC_493\Debug\Cm0Start.o"
Deleting file ".\CortexM0\ARM_GCC_493\Debug\CyLFClk.o"
Deleting file ".\CortexM0\ARM_GCC_493\Debug\LED.o"
Deleting file ".\CortexM0\ARM_GCC_493\Debug\LED_PM.o"
Deleting file ".\CortexM0\ARM_GCC_493\Debug\LED2.o"
Deleting file ".\CortexM0\ARM_GCC_493\Debug\LED2_PM.o"
Deleting file ".\CortexM0\ARM_GCC_493\Debug\LED0.o"
Deleting file ".\CortexM0\ARM_GCC_493\Debug\LED0_PM.o"
Deleting file ".\CortexM0\ARM_GCC_493\Debug\LED1.o"
Deleting file ".\CortexM0\ARM_GCC_493\Debug\LED1_PM.o"
Deleting file ".\CortexM0\ARM_GCC_493\Debug\I2C_OUT_EN.o"
Deleting file ".\CortexM0\ARM_GCC_493\Debug\I2C_OUT_EN_PM.o"
Deleting file ".\CortexM0\ARM_GCC_493\Debug\StripLights.o"
Deleting file ".\CortexM0\ARM_GCC_493\Debug\StripLights_fonts.o"
Deleting file ".\CortexM0\ARM_GCC_493\Debug\StripLights_cisr.o"
Deleting file ".\CortexM0\ARM_GCC_493\Debug\StripLights_fisr.o"
Deleting file ".\CortexM0\ARM_GCC_493\Debug\StripLights_StringSel.o"
Deleting file ".\CortexM0\ARM_GCC_493\Debug\StripLights_StringSel_PM.o"
Deleting file ".\CortexM0\ARM_GCC_493\Debug\Spectacle_LED_Control_Board.hex"
Deleting file ".\CortexM0\ARM_GCC_493\Debug\Spectacle_LED_Control_Board.elf"
Deleting file ".\CortexM0\ARM_GCC_493\Debug\Spectacle_LED_Control_Board.map"
Deleting file ".\Spectacle_LED_Control_Board.cycdx"
Deleting file ".\Spectacle_LED_Control_Board.svd"
Deleting file ".\Spectacle_LED_Control_Board.rpt"
Deleting file ".\Spectacle_LED_Control_Board_timing.html"
Deleting file ".\CortexM0\ARM_GCC_493\Debug\.deps\SOURCE_C__ARM_GCC_GENERIC.P"
Deleting file ".\CortexM0\ARM_GCC_493\Debug\.deps\SOURCE_ASM__ARM_GCC_GENERIC.P"
--------------- Clean Succeeded: 12/08/2016 13:41:15 ---------------
