--------------- Clean Started: 09/26/2016 11:59:52 Project: Spectacle_LED_Control_Board, Configuration: ARM GCC 4.9-2015-q1-update Debug ---------------
Deleting file ".\CortexM0p\ARM_GCC_493\Debug\main.o"
Deleting file ".\CortexM0p\ARM_GCC_493\Debug\cyfitter_cfg.o"
Deleting file ".\CortexM0p\ARM_GCC_493\Debug\cymetadata.o"
Deleting file ".\CortexM0p\ARM_GCC_493\Debug\EZI2C.o"
Deleting file ".\CortexM0p\ARM_GCC_493\Debug\EZI2C_PM.o"
Deleting file ".\CortexM0p\ARM_GCC_493\Debug\EZI2C_BOOT.o"
Deleting file ".\CortexM0p\ARM_GCC_493\Debug\EZI2C_EZI2C.o"
Deleting file ".\CortexM0p\ARM_GCC_493\Debug\EZI2C_EZI2C_INT.o"
Deleting file ".\CortexM0p\ARM_GCC_493\Debug\EZI2C_EZI2C_BOOT.o"
Deleting file ".\CortexM0p\ARM_GCC_493\Debug\UART.o"
Deleting file ".\CortexM0p\ARM_GCC_493\Debug\UART_SPI_UART.o"
Deleting file ".\CortexM0p\ARM_GCC_493\Debug\UART_SPI_UART_INT.o"
Deleting file ".\CortexM0p\ARM_GCC_493\Debug\UART_PM.o"
Deleting file ".\CortexM0p\ARM_GCC_493\Debug\UART_UART.o"
Deleting file ".\CortexM0p\ARM_GCC_493\Debug\UART_BOOT.o"
Deleting file ".\CortexM0p\ARM_GCC_493\Debug\UART_UART_BOOT.o"
Deleting file ".\CortexM0p\ARM_GCC_493\Debug\EZI2C_SCBCLK.o"
Deleting file ".\CortexM0p\ARM_GCC_493\Debug\EZI2C_sda.o"
Deleting file ".\CortexM0p\ARM_GCC_493\Debug\EZI2C_sda_PM.o"
Deleting file ".\CortexM0p\ARM_GCC_493\Debug\EZI2C_scl.o"
Deleting file ".\CortexM0p\ARM_GCC_493\Debug\EZI2C_scl_PM.o"
Deleting file ".\CortexM0p\ARM_GCC_493\Debug\EZI2C_SCB_IRQ.o"
Deleting file ".\CortexM0p\ARM_GCC_493\Debug\UART_SCBCLK.o"
Deleting file ".\CortexM0p\ARM_GCC_493\Debug\UART_tx.o"
Deleting file ".\CortexM0p\ARM_GCC_493\Debug\UART_tx_PM.o"
Deleting file ".\CortexM0p\ARM_GCC_493\Debug\UART_rx.o"
Deleting file ".\CortexM0p\ARM_GCC_493\Debug\UART_rx_PM.o"
Deleting file ".\CortexM0p\ARM_GCC_493\Debug\Cm0plusStart.o"
Deleting file ".\CortexM0p\ARM_GCC_493\Debug\CyBootAsmGnu.o"
Deleting file ".\CortexM0p\ARM_GCC_493\Debug\CyFlash.o"
Deleting file ".\CortexM0p\ARM_GCC_493\Debug\CyLib.o"
Deleting file ".\CortexM0p\ARM_GCC_493\Debug\cyPm.o"
Deleting file ".\CortexM0p\ARM_GCC_493\Debug\cyutils.o"
Deleting file ".\CortexM0p\ARM_GCC_493\Debug\CyLFClk.o"
Deleting file ".\CortexM0p\ARM_GCC_493\Debug\LED.o"
Deleting file ".\CortexM0p\ARM_GCC_493\Debug\LED_PM.o"
Deleting file ".\CortexM0p\ARM_GCC_493\Debug\LED2.o"
Deleting file ".\CortexM0p\ARM_GCC_493\Debug\LED2_PM.o"
Deleting file ".\CortexM0p\ARM_GCC_493\Debug\LED0.o"
Deleting file ".\CortexM0p\ARM_GCC_493\Debug\LED0_PM.o"
Deleting file ".\CortexM0p\ARM_GCC_493\Debug\LED1.o"
Deleting file ".\CortexM0p\ARM_GCC_493\Debug\LED1_PM.o"
Deleting file ".\CortexM0p\ARM_GCC_493\Debug\Spectacle_LED_Control_Board.hex"
Deleting file ".\CortexM0p\ARM_GCC_493\Debug\Spectacle_LED_Control_Board.elf"
Deleting file ".\CortexM0p\ARM_GCC_493\Debug\Spectacle_LED_Control_Board.map"
Deleting file ".\Spectacle_LED_Control_Board.cycdx"
Deleting file ".\Spectacle_LED_Control_Board.rpt"
Deleting file ".\CortexM0p\ARM_GCC_493\Debug\.deps\C_FILE.P"
Deleting file ".\CortexM0p\ARM_GCC_493\Debug\.deps\ARM_C_FILE.P"
Deleting file ".\CortexM0p\ARM_GCC_493\Debug\.deps\GNU_ARM_ASM_FILE.P"
--------------- Clean Succeeded: 09/26/2016 11:59:52 ---------------
